<?xml version="1.0" encoding="UTF-8"?>
<testng-results skipped="0" failed="0" total="1" passed="1">
  <reporter-output>
  </reporter-output>
  <suite name="Default suite" duration-ms="27976" started-at="2015-06-29T04:46:04Z" finished-at="2015-06-29T04:46:32Z">
    <groups>
    </groups>
    <test name="Default test" duration-ms="27976" started-at="2015-06-29T04:46:04Z" finished-at="2015-06-29T04:46:32Z">
      <class name="com.crm.testoscripts.Login">
        <test-method status="PASS" signature="login()[pri:0, instance:com.crm.testoscripts.Login@7c9e6c0]" name="login" duration-ms="27924" started-at="2015-06-29T10:16:04Z" finished-at="2015-06-29T10:16:32Z">
          <reporter-output>
          </reporter-output>
        </test-method> <!-- login -->
      </class> <!-- com.crm.testoscripts.Login -->
    </test> <!-- Default test -->
  </suite> <!-- Default suite -->
</testng-results>
