<?xml version="1.0" encoding="UTF-8"?>
<testng-results skipped="0" failed="0" total="1" passed="1">
  <reporter-output>
  </reporter-output>
  <suite name="Default suite" duration-ms="27499" started-at="2015-07-01T11:17:15Z" finished-at="2015-07-01T11:17:42Z">
    <groups>
    </groups>
    <test name="Default test" duration-ms="27499" started-at="2015-07-01T11:17:15Z" finished-at="2015-07-01T11:17:42Z">
      <class name="com.crm.testoscripts.AccountsTabTest">
        <test-method status="PASS" signature="accountsTabTest()[pri:0, instance:com.crm.testoscripts.AccountsTabTest@28bf1775]" name="accountsTabTest" duration-ms="27461" started-at="2015-07-01T16:47:15Z" finished-at="2015-07-01T16:47:42Z">
          <reporter-output>
          </reporter-output>
        </test-method> <!-- accountsTabTest -->
      </class> <!-- com.crm.testoscripts.AccountsTabTest -->
    </test> <!-- Default test -->
  </suite> <!-- Default suite -->
</testng-results>
